2024.05.06 15:50:48 INFO  Started: Metals version 1.3.0 in folders '/Users/josua/Documents/Uni/EiS3' for client Visual Studio Code 1.89.0.
SLF4J: Class path contains multiple SLF4J providers.
SLF4J: Found provider [scribe.slf4j.ScribeServiceProvider@56c93401]
SLF4J: Found provider [ch.qos.logback.classic.spi.LogbackServiceProvider@26638677]
SLF4J: See https://www.slf4j.org/codes.html#multiple_bindings for an explanation.
SLF4J: Actual provider is of type [scribe.slf4j.ScribeServiceProvider@56c93401]
2024.05.06 15:50:50 WARN  Flyway upgrade recommended: H2 2.2.224 is newer than this version of Flyway and support has not been tested. The latest supported version of H2 is 2.2.220.
2024.05.06 15:50:59 INFO  Running List(/Users/josua/Library/Application Support/Coursier/bin/scala-cli, setup-ide, /Users/josua/Documents/Uni/EiS3)
2024.05.06 15:50:59 INFO  Attempting to connect to the build server...
2024.05.06 15:50:59 INFO  Running BSP server List(/Users/josua/Library/Application Support/Coursier/bin/.scala-cli.aux, bsp, --json-options, /Users/josua/Documents/Uni/EiS3/.scala-build/ide-options-v2.json, /Users/josua/Documents/Uni/EiS3)
2024.05.06 15:51:00 INFO  tracing is disabled for protocol BSP, to enable tracing of incoming and outgoing JSON messages create an empty file at /Users/josua/Documents/Uni/EiS3/.metals/bsp.trace.json or /Users/josua/Library/Caches/org.scalameta.metals/bsp.trace.json
2024.05.06 15:51:01 INFO  BSP server: Downloading https://repo1.maven.org/maven2/io/github/alexarchambault/bleep/bloop-frontend_2.12/1.5.17-sc-1/bloop-frontend_2.12-1.5.17-sc-1.pom
2024.05.06 15:51:01 INFO  BSP server: Downloaded https://repo1.maven.org/maven2/io/github/alexarchambault/bleep/bloop-frontend_2.12/1.5.17-sc-1/bloop-frontend_2.12-1.5.17-sc-1.pom
2024.05.06 15:51:01 INFO  BSP server: Downloading https://repo1.maven.org/maven2/ch/epfl/scala/bloop-config_2.12/2.0.0/bloop-config_2.12-2.0.0.pom
2024.05.06 15:51:01 INFO  BSP server: Downloading https://repo1.maven.org/maven2/io/github/alexarchambault/libdaemon/libdaemon_2.12/0.0.11/libdaemon_2.12-0.0.11.pom
2024.05.06 15:51:01 INFO  BSP server: Downloading https://repo1.maven.org/maven2/ch/qos/logback/logback-classic/1.4.14/logback-classic-1.4.14.pom
2024.05.06 15:51:01 INFO  BSP server: Downloading https://repo1.maven.org/maven2/io/github/alexarchambault/bleep/bloop-backend_2.12/1.5.17-sc-1/bloop-backend_2.12-1.5.17-sc-1.pom
2024.05.06 15:51:01 INFO  BSP server: Downloading https://repo1.maven.org/maven2/ch/epfl/scala/scala-debug-adapter_2.12/4.0.3/scala-debug-adapter_2.12-4.0.3.pom
2024.05.06 15:51:01 INFO  BSP server: Downloaded https://repo1.maven.org/maven2/ch/epfl/scala/bloop-config_2.12/2.0.0/bloop-config_2.12-2.0.0.pom
2024.05.06 15:51:01 INFO  BSP server: Downloaded https://repo1.maven.org/maven2/io/github/alexarchambault/libdaemon/libdaemon_2.12/0.0.11/libdaemon_2.12-0.0.11.pom
2024.05.06 15:51:01 INFO  BSP server: Downloaded https://repo1.maven.org/maven2/ch/qos/logback/logback-classic/1.4.14/logback-classic-1.4.14.pom
2024.05.06 15:51:01 INFO  BSP server: Downloaded https://repo1.maven.org/maven2/io/github/alexarchambault/bleep/bloop-backend_2.12/1.5.17-sc-1/bloop-backend_2.12-1.5.17-sc-1.pom
2024.05.06 15:51:01 INFO  BSP server: Downloaded https://repo1.maven.org/maven2/ch/epfl/scala/scala-debug-adapter_2.12/4.0.3/scala-debug-adapter_2.12-4.0.3.pom
2024.05.06 15:51:01 INFO  BSP server: Downloading https://repo1.maven.org/maven2/ch/qos/logback/logback-parent/1.4.14/logback-parent-1.4.14.pom
2024.05.06 15:51:01 INFO  BSP server: Downloaded https://repo1.maven.org/maven2/ch/qos/logback/logback-parent/1.4.14/logback-parent-1.4.14.pom
2024.05.06 15:51:01 INFO  BSP server: Downloading https://repo1.maven.org/maven2/com/lihaoyi/sourcecode_2.12/0.4.1/sourcecode_2.12-0.4.1.pom
2024.05.06 15:51:01 INFO  BSP server: Downloading https://repo1.maven.org/maven2/com/lihaoyi/pprint_2.12/0.9.0/pprint_2.12-0.9.0.pom
2024.05.06 15:51:01 INFO  BSP server: Downloading https://repo1.maven.org/maven2/ch/qos/logback/logback-core/1.4.14/logback-core-1.4.14.pom
2024.05.06 15:51:01 INFO  BSP server: Downloading https://repo1.maven.org/maven2/io/github/alexarchambault/bleep/nailgun-server/1.0.7/nailgun-server-1.0.7.pom
2024.05.06 15:51:01 INFO  BSP server: Downloading https://repo1.maven.org/maven2/io/github/alexarchambault/bleep/bloop-shared_2.12/1.5.17-sc-1/bloop-shared_2.12-1.5.17-sc-1.pom
2024.05.06 15:51:01 INFO  BSP server: Downloading https://repo1.maven.org/maven2/ch/epfl/scala/com-microsoft-java-debug-core/0.34.0+27/com-microsoft-java-debug-core-0.34.0+27.pom
2024.05.06 15:51:01 INFO  BSP server: Downloaded https://repo1.maven.org/maven2/ch/qos/logback/logback-core/1.4.14/logback-core-1.4.14.pom
2024.05.06 15:51:01 INFO  BSP server: Downloaded https://repo1.maven.org/maven2/io/github/alexarchambault/bleep/bloop-shared_2.12/1.5.17-sc-1/bloop-shared_2.12-1.5.17-sc-1.pom
2024.05.06 15:51:01 INFO  BSP server: Downloaded https://repo1.maven.org/maven2/io/github/alexarchambault/bleep/nailgun-server/1.0.7/nailgun-server-1.0.7.pom
2024.05.06 15:51:01 INFO  BSP server: Downloaded https://repo1.maven.org/maven2/com/lihaoyi/sourcecode_2.12/0.4.1/sourcecode_2.12-0.4.1.pom
2024.05.06 15:51:01 INFO  BSP server: Downloaded https://repo1.maven.org/maven2/ch/epfl/scala/com-microsoft-java-debug-core/0.34.0+27/com-microsoft-java-debug-core-0.34.0+27.pom
2024.05.06 15:51:01 INFO  BSP server: Downloaded https://repo1.maven.org/maven2/com/lihaoyi/pprint_2.12/0.9.0/pprint_2.12-0.9.0.pom
2024.05.06 15:51:01 INFO  BSP server: Downloading https://repo1.maven.org/maven2/net/java/dev/jna/jna-platform/4.4.0/jna-platform-4.4.0.pom
2024.05.06 15:51:01 INFO  BSP server: Downloading https://repo1.maven.org/maven2/net/java/dev/jna/jna/4.5.2/jna-4.5.2.pom
2024.05.06 15:51:01 INFO  BSP server: Downloading https://repo1.maven.org/maven2/io/get-coursier/interface/1.0.13/interface-1.0.13.pom
2024.05.06 15:51:01 INFO  BSP server: Downloading https://repo1.maven.org/maven2/io/github/alexarchambault/bleep/jsonrpc4s_2.12/0.1.1/jsonrpc4s_2.12-0.1.1.pom
2024.05.06 15:51:01 INFO  BSP server: Downloading https://repo1.maven.org/maven2/com/lihaoyi/fansi_2.12/0.5.0/fansi_2.12-0.5.0.pom
2024.05.06 15:51:01 INFO  BSP server: Downloaded https://repo1.maven.org/maven2/io/github/alexarchambault/bleep/jsonrpc4s_2.12/0.1.1/jsonrpc4s_2.12-0.1.1.pom
2024.05.06 15:51:01 INFO  BSP server: Downloaded https://repo1.maven.org/maven2/net/java/dev/jna/jna/4.5.2/jna-4.5.2.pom
2024.05.06 15:51:01 INFO  BSP server: Downloaded https://repo1.maven.org/maven2/net/java/dev/jna/jna-platform/4.4.0/jna-platform-4.4.0.pom
2024.05.06 15:51:01 INFO  BSP server: Downloaded https://repo1.maven.org/maven2/com/lihaoyi/fansi_2.12/0.5.0/fansi_2.12-0.5.0.pom
2024.05.06 15:51:01 INFO  BSP server: Downloaded https://repo1.maven.org/maven2/io/get-coursier/interface/1.0.13/interface-1.0.13.pom
2024.05.06 15:51:02 INFO  BSP server: Downloading https://repo1.maven.org/maven2/org/scala-sbt/util-logging_2.12/1.9.1/util-logging_2.12-1.9.1.pom
2024.05.06 15:51:02 INFO  BSP server: Downloading https://repo1.maven.org/maven2/com/github/plokhotnyuk/jsoniter-scala/jsoniter-scala-core_2.12/2.13.5/jsoniter-scala-core_2.12-2.13.5.pom
2024.05.06 15:51:02 INFO  BSP server: Downloading https://repo1.maven.org/maven2/org/scala-sbt/launcher-interface/1.0.0/launcher-interface-1.0.0.pom
2024.05.06 15:51:02 INFO  BSP server: Downloaded https://repo1.maven.org/maven2/org/scala-sbt/util-logging_2.12/1.9.1/util-logging_2.12-1.9.1.pom
2024.05.06 15:51:02 INFO  BSP server: Downloaded https://repo1.maven.org/maven2/com/github/plokhotnyuk/jsoniter-scala/jsoniter-scala-core_2.12/2.13.5/jsoniter-scala-core_2.12-2.13.5.pom
2024.05.06 15:51:02 INFO  BSP server: Downloaded https://repo1.maven.org/maven2/org/scala-sbt/launcher-interface/1.0.0/launcher-interface-1.0.0.pom
2024.05.06 15:51:02 INFO  BSP server: Downloading https://repo1.maven.org/maven2/org/scala-sbt/core-macros_2.12/1.9.1/core-macros_2.12-1.9.1.pom
2024.05.06 15:51:02 INFO  BSP server: Downloading https://repo1.maven.org/maven2/org/scala-sbt/collections_2.12/1.9.1/collections_2.12-1.9.1.pom
2024.05.06 15:51:02 INFO  BSP server: Downloading https://repo1.maven.org/maven2/org/scala-sbt/util-interface/1.9.1/util-interface-1.9.1.pom
2024.05.06 15:51:02 INFO  BSP server: Downloaded https://repo1.maven.org/maven2/org/scala-sbt/core-macros_2.12/1.9.1/core-macros_2.12-1.9.1.pom
2024.05.06 15:51:02 INFO  BSP server: Downloaded https://repo1.maven.org/maven2/org/scala-sbt/collections_2.12/1.9.1/collections_2.12-1.9.1.pom
2024.05.06 15:51:02 INFO  BSP server: Downloaded https://repo1.maven.org/maven2/org/scala-sbt/util-interface/1.9.1/util-interface-1.9.1.pom
2024.05.06 15:51:02 INFO  BSP server: Downloading https://repo1.maven.org/maven2/ch/epfl/scala/bloop-config_2.12/2.0.0/bloop-config_2.12-2.0.0.jar
2024.05.06 15:51:02 INFO  BSP server: Downloading https://repo1.maven.org/maven2/com/lihaoyi/sourcecode_2.12/0.4.1/sourcecode_2.12-0.4.1.jar
2024.05.06 15:51:02 INFO  BSP server: Downloading https://repo1.maven.org/maven2/ch/epfl/scala/scala-debug-adapter_2.12/4.0.3/scala-debug-adapter_2.12-4.0.3.jar
2024.05.06 15:51:02 INFO  BSP server: Downloading https://repo1.maven.org/maven2/com/lihaoyi/fansi_2.12/0.5.0/fansi_2.12-0.5.0.jar
2024.05.06 15:51:02 INFO  BSP server: Downloading https://repo1.maven.org/maven2/io/github/alexarchambault/bleep/bloop-frontend_2.12/1.5.17-sc-1/bloop-frontend_2.12-1.5.17-sc-1.jar
2024.05.06 15:51:02 INFO  BSP server: Downloading https://repo1.maven.org/maven2/io/github/alexarchambault/bleep/jsonrpc4s_2.12/0.1.1/jsonrpc4s_2.12-0.1.1.jar
2024.05.06 15:51:02 INFO  BSP server: Downloaded https://repo1.maven.org/maven2/ch/epfl/scala/bloop-config_2.12/2.0.0/bloop-config_2.12-2.0.0.jar
2024.05.06 15:51:02 INFO  BSP server: Downloading https://repo1.maven.org/maven2/com/github/plokhotnyuk/jsoniter-scala/jsoniter-scala-core_2.12/2.13.5/jsoniter-scala-core_2.12-2.13.5.jar
2024.05.06 15:51:02 INFO  BSP server: Downloaded https://repo1.maven.org/maven2/com/lihaoyi/fansi_2.12/0.5.0/fansi_2.12-0.5.0.jar
2024.05.06 15:51:02 INFO  BSP server: Downloading https://repo1.maven.org/maven2/io/github/alexarchambault/bleep/nailgun-server/1.0.7/nailgun-server-1.0.7.jar
2024.05.06 15:51:02 INFO  BSP server: Downloaded https://repo1.maven.org/maven2/ch/epfl/scala/scala-debug-adapter_2.12/4.0.3/scala-debug-adapter_2.12-4.0.3.jar
2024.05.06 15:51:02 INFO  BSP server: Downloading https://repo1.maven.org/maven2/ch/epfl/scala/com-microsoft-java-debug-core/0.34.0+27/com-microsoft-java-debug-core-0.34.0+27.jar
2024.05.06 15:51:02 INFO  BSP server: Downloaded https://repo1.maven.org/maven2/com/lihaoyi/sourcecode_2.12/0.4.1/sourcecode_2.12-0.4.1.jar
2024.05.06 15:51:02 INFO  BSP server: Downloading https://repo1.maven.org/maven2/ch/qos/logback/logback-core/1.4.14/logback-core-1.4.14.jar
2024.05.06 15:51:02 INFO  BSP server: Downloaded https://repo1.maven.org/maven2/io/github/alexarchambault/bleep/jsonrpc4s_2.12/0.1.1/jsonrpc4s_2.12-0.1.1.jar
2024.05.06 15:51:02 INFO  BSP server: Downloading https://repo1.maven.org/maven2/io/github/alexarchambault/bleep/bloop-shared_2.12/1.5.17-sc-1/bloop-shared_2.12-1.5.17-sc-1.jar
2024.05.06 15:51:02 INFO  BSP server: Downloaded https://repo1.maven.org/maven2/io/github/alexarchambault/bleep/nailgun-server/1.0.7/nailgun-server-1.0.7.jar
2024.05.06 15:51:02 INFO  BSP server: Downloading https://repo1.maven.org/maven2/io/get-coursier/interface/1.0.13/interface-1.0.13.jar
2024.05.06 15:51:02 INFO  BSP server: Downloaded https://repo1.maven.org/maven2/io/github/alexarchambault/bleep/bloop-frontend_2.12/1.5.17-sc-1/bloop-frontend_2.12-1.5.17-sc-1.jar
2024.05.06 15:51:02 INFO  BSP server: Downloading https://repo1.maven.org/maven2/ch/qos/logback/logback-classic/1.4.14/logback-classic-1.4.14.jar
2024.05.06 15:51:03 INFO  BSP server: Downloaded https://repo1.maven.org/maven2/com/github/plokhotnyuk/jsoniter-scala/jsoniter-scala-core_2.12/2.13.5/jsoniter-scala-core_2.12-2.13.5.jar
2024.05.06 15:51:03 INFO  BSP server: Downloading https://repo1.maven.org/maven2/io/github/alexarchambault/libdaemon/libdaemon_2.12/0.0.11/libdaemon_2.12-0.0.11.jar
2024.05.06 15:51:03 INFO  BSP server: Downloaded https://repo1.maven.org/maven2/io/github/alexarchambault/bleep/bloop-shared_2.12/1.5.17-sc-1/bloop-shared_2.12-1.5.17-sc-1.jar
2024.05.06 15:51:03 INFO  BSP server: Downloading https://repo1.maven.org/maven2/com/lihaoyi/pprint_2.12/0.9.0/pprint_2.12-0.9.0.jar
2024.05.06 15:51:03 INFO  BSP server: Downloaded https://repo1.maven.org/maven2/ch/epfl/scala/com-microsoft-java-debug-core/0.34.0+27/com-microsoft-java-debug-core-0.34.0+27.jar
2024.05.06 15:51:03 INFO  BSP server: Downloading https://repo1.maven.org/maven2/io/github/alexarchambault/bleep/bloop-backend_2.12/1.5.17-sc-1/bloop-backend_2.12-1.5.17-sc-1.jar
2024.05.06 15:51:03 INFO  BSP server: Downloaded https://repo1.maven.org/maven2/io/github/alexarchambault/libdaemon/libdaemon_2.12/0.0.11/libdaemon_2.12-0.0.11.jar
2024.05.06 15:51:03 INFO  BSP server: Downloaded https://repo1.maven.org/maven2/ch/qos/logback/logback-core/1.4.14/logback-core-1.4.14.jar
2024.05.06 15:51:03 INFO  BSP server: Downloaded https://repo1.maven.org/maven2/ch/qos/logback/logback-classic/1.4.14/logback-classic-1.4.14.jar
2024.05.06 15:51:03 INFO  BSP server: Downloaded https://repo1.maven.org/maven2/com/lihaoyi/pprint_2.12/0.9.0/pprint_2.12-0.9.0.jar
2024.05.06 15:51:03 INFO  BSP server: Downloaded https://repo1.maven.org/maven2/io/github/alexarchambault/bleep/bloop-backend_2.12/1.5.17-sc-1/bloop-backend_2.12-1.5.17-sc-1.jar
2024.05.06 15:51:03 INFO  BSP server: Downloaded https://repo1.maven.org/maven2/io/get-coursier/interface/1.0.13/interface-1.0.13.jar
2024.05.06 15:51:04 INFO  BSP server: Starting compilation server
2024.05.06 15:51:11 INFO  BSP server: Downloading https://repo1.maven.org/maven2/org/scala-lang/scala3-library_3/3.4.1/scala3-library_3-3.4.1-sources.jar
2024.05.06 15:51:11 INFO  BSP server: Downloaded https://repo1.maven.org/maven2/org/scala-lang/scala3-library_3/3.4.1/scala3-library_3-3.4.1-sources.jar
2024.05.06 15:51:11 INFO  BSP server: Downloading https://repo1.maven.org/maven2/com/sourcegraph/semanticdb-javac/0.7.4/semanticdb-javac-0.7.4.pom
2024.05.06 15:51:11 INFO  BSP server: Downloaded https://repo1.maven.org/maven2/com/sourcegraph/semanticdb-javac/0.7.4/semanticdb-javac-0.7.4.pom
2024.05.06 15:51:11 INFO  BSP server: Downloading https://repo1.maven.org/maven2/com/sourcegraph/semanticdb-javac/0.7.4/semanticdb-javac-0.7.4.jar
2024.05.06 15:51:11 INFO  BSP server: Downloaded https://repo1.maven.org/maven2/com/sourcegraph/semanticdb-javac/0.7.4/semanticdb-javac-0.7.4.jar
2024.05.06 15:51:12 INFO  time: Connected to build server in 11s
2024.05.06 15:51:12 INFO  Connected to Build server: scala-cli v1.3.0
2024.05.06 15:51:14 INFO  compiling eis3_f4dd477a3a (4 scala sources and 3 java sources)
2024.05.06 15:51:24 INFO  time: Imported build in 12s
2024.05.06 15:51:24 INFO  compiling eis3_f4dd477a3a (4 scala sources and 3 java sources)
2024.05.06 15:51:43 INFO  no build target found for /Users/josua/Documents/Uni/EiS3/Ue01/gui.scala. Using presentation compiler with project's scala-library version: 3.3.3
May 06, 2024 3:51:43 PM org.eclipse.lsp4j.jsonrpc.RemoteEndpoint handleCancellation
WARNING: Unmatched cancel notification for request id 8
2024.05.06 15:51:51 INFO  time: indexed workspace in 8.23s
2024.05.06 15:51:52 INFO  compiling eis3_f4dd477a3a (4 scala sources and 3 java sources)
2024.05.06 15:52:11 INFO  time: compiled EiS3_f4dd477a3a in 19s
2024.05.06 15:52:11 INFO  compiling eis3_f4dd477a3a (4 scala sources and 3 java sources)
2024.05.06 15:52:13 INFO  time: compiled EiS3_f4dd477a3a in 1.21s
2024.05.06 15:57:26 INFO  compiling eis3_f4dd477a3a (4 scala sources and 3 java sources)
2024.05.06 15:57:27 INFO  time: compiled EiS3_f4dd477a3a in 1.29s
May 06, 2024 3:57:33 PM org.eclipse.lsp4j.jsonrpc.RemoteEndpoint handleCancellation
WARNING: Unmatched cancel notification for request id 70
2024.05.06 15:57:34 INFO  compiling eis3_f4dd477a3a (4 scala sources and 3 java sources)
2024.05.06 15:57:34 INFO  time: compiled EiS3_f4dd477a3a in 0.78s
May 06, 2024 3:58:00 PM org.eclipse.lsp4j.jsonrpc.RemoteEndpoint handleCancellation
WARNING: Unmatched cancel notification for request id 177
2024.05.06 15:58:03 INFO  compiling eis3_f4dd477a3a (4 scala sources and 3 java sources)
2024.05.06 15:58:03 INFO  time: compiled EiS3_f4dd477a3a in 0.73s
2024.05.06 15:58:21 INFO  compiling eis3_f4dd477a3a (4 scala sources and 3 java sources)
2024.05.06 15:58:21 INFO  time: compiled EiS3_f4dd477a3a in 0.68s
2024.05.06 15:59:20 INFO  compiling eis3_f4dd477a3a (4 scala sources and 3 java sources)
2024.05.06 15:59:28 INFO  time: compiled EiS3_f4dd477a3a in 8.39s
2024.05.06 16:00:46 INFO  Cancelling compilation on scala-cli server
2024.05.06 16:00:46 INFO  compiling eis3_f4dd477a3a (1 scala source)
2024.05.06 16:00:48 INFO  time: code lens generation in 1.84s
2024.05.06 16:00:48 INFO  time: code lens generation in 2.73s
2024.05.06 16:00:49 INFO  time: compiled EiS3_f4dd477a3a in 2.57s
2024.05.06 16:00:49 INFO  time: Imported build in 2.96s
2024.05.06 16:00:49 INFO  time: Imported build in 2.97s
2024.05.06 16:00:51 INFO  compiling eis3_f4dd477a3a (1 scala source)
2024.05.06 16:00:54 INFO  time: compiled EiS3_f4dd477a3a in 3.03s
2024.05.06 16:01:00 INFO  time: indexed workspace in 11s
2024.05.06 16:01:01 INFO  time: indexed workspace in 12s
2024.05.06 16:01:21 INFO  compiling eis3_f4dd477a3a (1 scala source)
May 06, 2024 4:01:22 PM org.eclipse.lsp4j.jsonrpc.RemoteEndpoint handleCancellation
WARNING: Unmatched cancel notification for request id 419
2024.05.06 16:01:25 INFO  Cancelling compilation on scala-cli server
2024.05.06 16:01:25 INFO  compiling eis3_f4dd477a3a (1 scala source)
2024.05.06 16:01:36 INFO  time: indexed workspace in 15s
2024.05.06 16:01:52 INFO  time: compiled EiS3_f4dd477a3a in 27s
2024.05.06 16:01:52 INFO  time: Imported build in 27s
May 06, 2024 4:01:52 PM org.eclipse.lsp4j.jsonrpc.RemoteEndpoint handleCancellation
WARNING: Unmatched cancel notification for request id 427
2024.05.06 16:02:00 INFO  time: indexed workspace in 7.63s
error: /Users/josua/Documents/Uni/EiS3/.metals/.tmp/.metals/.tmp/Main-2817559406720036695.scala is not a file
May 06, 2024 4:03:33 PM org.eclipse.lsp4j.jsonrpc.RemoteEndpoint handleCancellation
WARNING: Unmatched cancel notification for request id 464
2024.05.06 16:03:43 INFO  compiling eis3_f4dd477a3a (1 java source)
2024.05.06 16:03:46 WARN  javac exited with exit code 1
2024.05.06 16:03:46 INFO  time: compiled EiS3_f4dd477a3a in 3.22s
May 06, 2024 4:04:07 PM scala.meta.internal.parsing.TokenEditDistance$Diff $anonfun$toRevised$8
WARNING: stale range: Some([1000 (
) <-> [1000 (
)) None
2024.05.06 16:04:07 INFO  file:///Users/josua/Documents/Uni/EiS3/Ue01/Prime.java:31:8: stale bloop error:  error: class RekPrime is public, should be declared in a file named RekPrime.java
public class RekPrime {
       ^
May 06, 2024 4:04:08 PM scala.meta.internal.parsing.TokenEditDistance$Diff $anonfun$toRevised$8
WARNING: stale range: Some([1000 (
) <-> [1000 (
)) None
2024.05.06 16:04:07 INFO  file:///Users/josua/Documents/Uni/EiS3/Ue01/Prime.java:31:8: stale bloop error:  error: class RekPrime is public, should be declared in a file named RekPrime.java
public class RekPrime {
       ^
May 06, 2024 4:04:08 PM org.eclipse.lsp4j.jsonrpc.RemoteEndpoint handleCancellation
WARNING: Unmatched cancel notification for request id 570
May 06, 2024 4:04:08 PM scala.meta.internal.parsing.TokenEditDistance$Diff $anonfun$toRevised$8
WARNING: stale range: Some([1000 (
) <-> [1000 (
)) None
2024.05.06 16:04:08 INFO  file:///Users/josua/Documents/Uni/EiS3/Ue01/Prime.java:31:8: stale bloop error:  error: class RekPrime is public, should be declared in a file named RekPrime.java
public class RekPrime {
       ^
May 06, 2024 4:04:08 PM scala.meta.internal.parsing.TokenEditDistance$Diff $anonfun$toRevised$8
WARNING: stale range: Some([1000 (
) <-> [1000 (
)) None
2024.05.06 16:04:08 INFO  file:///Users/josua/Documents/Uni/EiS3/Ue01/Prime.java:31:8: stale bloop error:  error: class RekPrime is public, should be declared in a file named RekPrime.java
public class RekPrime {
       ^
May 06, 2024 4:04:08 PM org.eclipse.lsp4j.jsonrpc.RemoteEndpoint handleCancellation
WARNING: Unmatched cancel notification for request id 573
May 06, 2024 4:04:09 PM scala.meta.internal.parsing.TokenEditDistance$Diff $anonfun$toRevised$8
WARNING: stale range: Some([1000 (
) <-> [1000 (
)) None
2024.05.06 16:04:08 INFO  file:///Users/josua/Documents/Uni/EiS3/Ue01/Prime.java:31:8: stale bloop error:  error: class RekPrime is public, should be declared in a file named RekPrime.java
public class RekPrime {
       ^
2024.05.06 16:04:11 INFO  compiling eis3_f4dd477a3a (1 java source)
May 06, 2024 4:04:13 PM scala.meta.internal.parsing.TokenEditDistance$Diff $anonfun$toRevised$8
WARNING: stale range: Some([1000 (
) <-> [1000 (
)) None
2024.05.06 16:04:13 INFO  file:///Users/josua/Documents/Uni/EiS3/Ue01/Prime.java:31:8: stale bloop error:  error: class RekPrime is public, should be declared in a file named RekPrime.java
public class RekPrime {
       ^
2024.05.06 16:04:13 WARN  javac exited with exit code 1
2024.05.06 16:04:13 INFO  time: compiled EiS3_f4dd477a3a in 2.25s
2024.05.06 16:04:29 INFO  compiling eis3_f4dd477a3a (1 java source)
May 06, 2024 4:04:29 PM scala.meta.internal.pc.CompilerAccess handleError
SEVERE: A severe compiler error occurred, full details of the error can be found in the error report /Users/josua/Documents/Uni/EiS3/.metals/.reports/metals-full/2024-05-06/r_compiler-error_16-04-29-633.md
2024.05.06 16:04:31 INFO  Cancelling compilation on scala-cli server
2024.05.06 16:04:31 INFO  compiling eis3_f4dd477a3a (1 java source)
2024.05.06 16:04:32 WARN  Unexpected javac output: error: error reading /Users/josua/Documents/Uni/EiS3/Ue01/Orime.java; /Users/josua/Documents/Uni/EiS3/Ue01/Orime.java
1 error.
2024.05.06 16:04:32 WARN  javac exited with exit code 1
2024.05.06 16:04:37 INFO  time: indexed workspace in 8.43s
2024.05.06 16:04:52 INFO  no build target found for /Users/josua/Documents/Uni/EiS3/Ue01/Prime.java. Using presentation compiler with project's scala-library version: 3.3.3
2024.05.06 16:04:52 INFO  time: compiled EiS3_f4dd477a3a in 20s
2024.05.06 16:04:52 WARN  no build target for: /Users/josua/Documents/Uni/EiS3/Ue01/Prime.java
2024.05.06 16:04:52 INFO  time: Imported build in 20s
May 06, 2024 4:04:52 PM scala.meta.internal.pc.CompilerAccess handleError
SEVERE: A severe compiler error occurred, full details of the error can be found in the error report /Users/josua/Documents/Uni/EiS3/.metals/.reports/metals-full/2024-05-06/r_compiler-error_16-04-52-513.md
2024.05.06 16:04:55 INFO  time: indexed workspace in 3.35s
2024.05.06 16:07:16 INFO  compiling eis3_f4dd477a3a (1 scala source)
2024.05.06 16:07:18 INFO  time: compiled EiS3_f4dd477a3a in 1.21s
2024.05.06 16:07:56 INFO  compiling eis3_f4dd477a3a (2 scala sources)
2024.05.06 16:07:56 INFO  time: compiled EiS3_f4dd477a3a in 0.96s
2024.05.13 01:20:23 INFO  Shutting down server
2024.05.13 01:20:23 INFO  shutting down Metals
2024.05.13 01:20:24 INFO  Shut down connection with build server.
2024.05.13 01:20:24 INFO  Exiting server
2024.05.26 22:49:16 INFO  Started: Metals version 1.3.1 in folders '/Users/josua/Documents/Uni/EiS3' for client Visual Studio Code 1.89.0.
SLF4J(W): Class path contains multiple SLF4J providers.
SLF4J(W): Found provider [scribe.slf4j.ScribeServiceProvider@6c5e2957]
SLF4J(W): Found provider [ch.qos.logback.classic.spi.LogbackServiceProvider@1985f145]
SLF4J(W): See https://www.slf4j.org/codes.html#multiple_bindings for an explanation.
SLF4J(I): Actual provider is of type [scribe.slf4j.ScribeServiceProvider@6c5e2957]
2024.05.26 22:49:18 WARN  Flyway upgrade recommended: H2 2.2.224 is newer than this version of Flyway and support has not been tested. The latest supported version of H2 is 2.2.220.
2024.05.26 22:49:19 INFO  Attempting to connect to the build server...
2024.05.26 22:49:19 INFO  Running BSP server List(/Users/josua/Library/Application Support/Coursier/bin/.scala-cli.aux, bsp, --json-options, /Users/josua/Documents/Uni/EiS3/.scala-build/ide-options-v2.json, /Users/josua/Documents/Uni/EiS3)
2024.05.26 22:49:18 INFO  tracing is disabled for protocol BSP, to enable tracing of incoming and outgoing JSON messages create an empty file at /Users/josua/Documents/Uni/EiS3/.metals/bsp.trace.json or /Users/josua/Library/Caches/org.scalameta.metals/bsp.trace.json
2024.05.26 22:49:27 INFO  time: Connected to build server in 8.15s
2024.05.26 22:49:27 INFO  Connected to Build server: scala-cli v1.3.0
2024.05.26 22:49:27 INFO  time: Imported build in 0.12s
2024.05.26 22:49:34 INFO  time: indexed workspace in 7.07s
May 26, 2024 11:34:56 PM org.eclipse.lsp4j.jsonrpc.services.GenericEndpoint notify
INFO: Unsupported notification method: $/setTrace
May 26, 2024 11:39:29 PM org.eclipse.lsp4j.jsonrpc.services.GenericEndpoint notify
INFO: Unsupported notification method: $/setTrace
May 26, 2024 11:39:36 PM org.eclipse.lsp4j.jsonrpc.services.GenericEndpoint notify
INFO: Unsupported notification method: $/setTrace
Jun 10, 2024 4:01:16 PM org.eclipse.lsp4j.jsonrpc.services.GenericEndpoint notify
INFO: Unsupported notification method: $/setTrace
